<?xml version="1.0" encoding="UTF-8"?>
<!-- Generated by org.testng.reporters.JUnitReportReporter -->
<testsuite hostname="DESKTOP-B3B1BPQ" failures="0" tests="6" name="DemoRA.DemoRA.DynamicJson" time="7.549" errors="0" timestamp="2023-12-06T18:36:05 PST" skipped="0">
  <testcase classname="DemoRA.DemoRA.DynamicJson" name="deleteBook" time="0.727"/>
  <system-out/>
  <testcase classname="DemoRA.DemoRA.DynamicJson" name="addBook" time="0.696"/>
  <system-out/>
  <testcase classname="DemoRA.DemoRA.DynamicJson" name="deleteBook" time="0.691"/>
  <system-out/>
  <testcase classname="DemoRA.DemoRA.DynamicJson" name="addBook" time="3.906"/>
  <system-out/>
  <testcase classname="DemoRA.DemoRA.DynamicJson" name="addBook" time="0.718"/>
  <system-out/>
  <testcase classname="DemoRA.DemoRA.DynamicJson" name="deleteBook" time="0.811"/>
  <system-out/>
</testsuite> <!-- DemoRA.DemoRA.DynamicJson -->
